Start testing: Apr 10 23:33 Œrodkowoeuropejski czas letni
----------------------------------------------------------
Test not available without configuration.  (Missing "-C <config>"?)
1/1 Testing: MyTests
1/1 Test: MyTests
Command: "NOT_AVAILABLE"
Directory: C:/Users/oliwi/projects/punto-steering-control1/punto-steering-control/punto-steering-control/build/tests
"MyTests" start time: 
Output:
----------------------------------------------------------
<end of output>
Test time =   0.00 sec
----------------------------------------------------------
Test Passed.
"MyTests" end time: Apr 10 23:33 Œrodkowoeuropejski czas letni
"MyTests" time elapsed: 00:00:00
----------------------------------------------------------

End testing: Apr 10 23:33 Œrodkowoeuropejski czas letni
